<?xml version="1.0" encoding="UTF-8"?>
<testsuite xmlns:xsi="http://www.w3.org/2001/XMLSchema-instance" xsi:noNamespaceSchemaLocation="https://maven.apache.org/surefire/maven-surefire-plugin/xsd/surefire-test-report-3.0.xsd" version="3.0" name="com.example.auth.AuthServiceTest" time="33.241" tests="10" errors="0" skipped="0" failures="0">
  <properties>
[...]
</properties>
  <testcase name="testRegister_MotDePasseTropCourt_ThrowsInvalidInput" classname="com.example.auth.AuthServiceTest" time="3.361">
    <system-out><![CDATA[06:00:07.056 [main] INFO org.springframework.test.context.support.AnnotationConfigContextLoaderUtils -- Could not detect default configuration classes for test class [com.example.auth.AuthServiceTest]: AuthServiceTest does not declare any static, non-private, non-final, nested classes annotated with @Configuration.
06:00:07.411 [main] INFO org.springframework.boot.test.context.SpringBootTestContextBootstrapper -- Found @SpringBootConfiguration com.example.auth.AuthApplication for test class com.example.auth.AuthServiceTest

  .   ____          _            __ _ _
 /\\ / ___'_ __ _ _(_)_ __  __ _ \ \ \ \
( ( )\___ | '_ | '_| | '_ \/ _` | \ \ \ \
 \\/  ___)| |_)| | | | | || (_| |  ) ) ) )
  '  |____| .__|_| |_|_| |_\__, | / / / /
 =========|_|==============|___/=/_/_/_/

 :: Spring Boot ::               (v3.5.11)

2026-03-25T06:00:08.808+04:00  INFO 19848 --- [auth] [           main] com.example.auth.AuthServiceTest         : Starting AuthServiceTest using Java 21.0.10 with PID 19848 (started by Tahiry in C:\Users\Tahiry\Desktop\Mon Java\TP-1)
2026-03-25T06:00:08.811+04:00 DEBUG 19848 --- [auth] [           main] com.example.auth.AuthServiceTest         : Running with Spring Boot v3.5.11, Spring v6.2.16
2026-03-25T06:00:08.813+04:00  INFO 19848 --- [auth] [           main] com.example.auth.AuthServiceTest         : No active profile set, falling back to 1 default profile: "default"
2026-03-25T06:00:10.747+04:00  INFO 19848 --- [auth] [           main] .s.d.r.c.RepositoryConfigurationDelegate : Bootstrapping Spring Data JPA repositories in DEFAULT mode.
2026-03-25T06:00:10.961+04:00  INFO 19848 --- [auth] [           main] .s.d.r.c.RepositoryConfigurationDelegate : Finished Spring Data repository scanning in 186 ms. Found 1 JPA repository interface.
2026-03-25T06:00:14.520+04:00  INFO 19848 --- [auth] [           main] o.hibernate.jpa.internal.util.LogHelper  : HHH000204: Processing PersistenceUnitInfo [name: default]
2026-03-25T06:00:15.281+04:00  INFO 19848 --- [auth] [           main] org.hibernate.Version                    : HHH000412: Hibernate ORM core version 6.6.42.Final
2026-03-25T06:00:15.618+04:00  INFO 19848 --- [auth] [           main] o.h.c.internal.RegionFactoryInitiator    : HHH000026: Second-level cache disabled
2026-03-25T06:00:23.107+04:00  INFO 19848 --- [auth] [           main] o.s.o.j.p.SpringPersistenceUnitInfo      : No LoadTimeWeaver setup: ignoring JPA class transformer
2026-03-25T06:00:23.233+04:00  INFO 19848 --- [auth] [           main] com.zaxxer.hikari.HikariDataSource       : HikariPool-1 - Starting...
2026-03-25T06:00:23.833+04:00  INFO 19848 --- [auth] [           main] com.zaxxer.hikari.pool.HikariPool        : HikariPool-1 - Added connection com.mysql.cj.jdbc.ConnectionImpl@1aac0a47
2026-03-25T06:00:23.839+04:00  INFO 19848 --- [auth] [           main] com.zaxxer.hikari.HikariDataSource       : HikariPool-1 - Start completed.
2026-03-25T06:00:23.988+04:00  WARN 19848 --- [auth] [           main] org.hibernate.dialect.Dialect            : HHH000511: The 5.5.5 version for [org.hibernate.dialect.MySQLDialect] is no longer supported, hence certain features may not work properly. The minimum supported version is 8.0.0. Check the community dialects project for available legacy versions.
2026-03-25T06:00:24.002+04:00  WARN 19848 --- [auth] [           main] org.hibernate.orm.deprecation            : HHH90000025: MySQLDialect does not need to be specified explicitly using 'hibernate.dialect' (remove the property setting and it will be selected by default)
2026-03-25T06:00:24.098+04:00  INFO 19848 --- [auth] [           main] org.hibernate.orm.connections.pooling    : HHH10001005: Database info:
	Database JDBC URL [Connecting through datasource 'HikariDataSource (HikariPool-1)']
	Database driver: undefined/unknown
	Database version: 5.5.5
	Autocommit mode: undefined/unknown
	Isolation level: undefined/unknown
	Minimum pool size: undefined/unknown
	Maximum pool size: undefined/unknown
2026-03-25T06:00:27.741+04:00  INFO 19848 --- [auth] [           main] o.h.e.t.j.p.i.JtaPlatformInitiator       : HHH000489: No JTA platform available (set 'hibernate.transaction.jta.platform' to enable JTA platform integration)
2026-03-25T06:00:28.185+04:00  INFO 19848 --- [auth] [           main] j.LocalContainerEntityManagerFactoryBean : Initialized JPA EntityManagerFactory for persistence unit 'default'
2026-03-25T06:00:30.935+04:00  WARN 19848 --- [auth] [           main] JpaBaseConfiguration$JpaWebConfiguration : spring.jpa.open-in-view is enabled by default. Therefore, database queries may be performed during view rendering. Explicitly configure spring.jpa.open-in-view to disable this warning
2026-03-25T06:00:33.340+04:00  INFO 19848 --- [auth] [           main] com.example.auth.AuthServiceTest         : Started AuthServiceTest in 25.488 seconds (process running for 28.612)
]]></system-out>
    <system-err><![CDATA[Mockito is currently self-attaching to enable the inline-mock-maker. This will no longer work in future releases of the JDK. Please add Mockito as an agent to your build as described in Mockito's documentation: https://javadoc.io/doc/org.mockito/mockito-core/latest/org.mockito/org/mockito/Mockito.html#0.3
WARNING: A Java agent has been loaded dynamically (C:\Users\Tahiry\.m2\repository\net\bytebuddy\byte-buddy-agent\1.17.8\byte-buddy-agent-1.17.8.jar)
WARNING: If a serviceability tool is in use, please run with -XX:+EnableDynamicAgentLoading to hide this warning
WARNING: If a serviceability tool is not in use, please run with -Djdk.instrument.traceUsage for more information
WARNING: Dynamic loading of agents will be disallowed by default in a future release
]]></system-err>
  </testcase>
  <testcase name="testLogin_OK" classname="com.example.auth.AuthServiceTest" time="1.755">
    <system-out><![CDATA[Hibernate: select u1_0.id,u1_0.created_at,u1_0.email,u1_0.password_clear,u1_0.session_token from users u1_0 where u1_0.email=?
Hibernate: insert into users (created_at,email,password_clear,session_token) values (?,?,?,?)
2026-03-25T06:00:38.613+04:00  INFO 19848 --- [auth] [           main] com.example.auth.service.AuthService     : Inscription réussie pour : login@test.com
Hibernate: select u1_0.id,u1_0.created_at,u1_0.email,u1_0.password_clear,u1_0.session_token from users u1_0 where u1_0.email=?
2026-03-25T06:00:38.665+04:00  INFO 19848 --- [auth] [           main] com.example.auth.service.AuthService     : Connexion réussie pour : login@test.com
]]></system-out>
  </testcase>
  <testcase name="testGetMe_SansToken_ThrowsAuthFailed" classname="com.example.auth.AuthServiceTest" time="0.066"/>
  <testcase name="testRegister_EmailFormatInvalide_ThrowsInvalidInput" classname="com.example.auth.AuthServiceTest" time="0.044"/>
  <testcase name="testLogin_MauvaisMotDePasse_ThrowsAuthFailed" classname="com.example.auth.AuthServiceTest" time="0.059">
    <system-out><![CDATA[Hibernate: select u1_0.id,u1_0.created_at,u1_0.email,u1_0.password_clear,u1_0.session_token from users u1_0 where u1_0.email=?
Hibernate: insert into users (created_at,email,password_clear,session_token) values (?,?,?,?)
2026-03-25T06:00:38.862+04:00  INFO 19848 --- [auth] [           main] com.example.auth.service.AuthService     : Inscription réussie pour : wrong@test.com
Hibernate: select u1_0.id,u1_0.created_at,u1_0.email,u1_0.password_clear,u1_0.session_token from users u1_0 where u1_0.email=?
2026-03-25T06:00:38.872+04:00  WARN 19848 --- [auth] [           main] com.example.auth.service.AuthService     : Échec connexion pour email : wrong@test.com
]]></system-out>
  </testcase>
  <testcase name="testGetMe_ApresLogin_OK" classname="com.example.auth.AuthServiceTest" time="0.243">
    <system-out><![CDATA[Hibernate: select u1_0.id,u1_0.created_at,u1_0.email,u1_0.password_clear,u1_0.session_token from users u1_0 where u1_0.email=?
Hibernate: insert into users (created_at,email,password_clear,session_token) values (?,?,?,?)
2026-03-25T06:00:38.922+04:00  INFO 19848 --- [auth] [           main] com.example.auth.service.AuthService     : Inscription réussie pour : me@test.com
Hibernate: select u1_0.id,u1_0.created_at,u1_0.email,u1_0.password_clear,u1_0.session_token from users u1_0 where u1_0.email=?
2026-03-25T06:00:38.934+04:00  INFO 19848 --- [auth] [           main] com.example.auth.service.AuthService     : Connexion réussie pour : me@test.com
Hibernate: update users set created_at=?,email=?,password_clear=?,session_token=? where id=?
Hibernate: select u1_0.id,u1_0.created_at,u1_0.email,u1_0.password_clear,u1_0.session_token from users u1_0 where u1_0.session_token=?
]]></system-out>
  </testcase>
  <testcase name="testRegister_OK" classname="com.example.auth.AuthServiceTest" time="0.042">
    <system-out><![CDATA[Hibernate: select u1_0.id,u1_0.created_at,u1_0.email,u1_0.password_clear,u1_0.session_token from users u1_0 where u1_0.email=?
Hibernate: insert into users (created_at,email,password_clear,session_token) values (?,?,?,?)
2026-03-25T06:00:39.162+04:00  INFO 19848 --- [auth] [           main] com.example.auth.service.AuthService     : Inscription réussie pour : nouveau@test.com
]]></system-out>
  </testcase>
  <testcase name="testRegister_EmailDeja_ThrowsConflict" classname="com.example.auth.AuthServiceTest" time="0.157">
    <system-out><![CDATA[Hibernate: select u1_0.id,u1_0.created_at,u1_0.email,u1_0.password_clear,u1_0.session_token from users u1_0 where u1_0.email=?
Hibernate: insert into users (created_at,email,password_clear,session_token) values (?,?,?,?)
2026-03-25T06:00:39.279+04:00  INFO 19848 --- [auth] [           main] com.example.auth.service.AuthService     : Inscription réussie pour : doublon@test.com
Hibernate: select u1_0.id,u1_0.created_at,u1_0.email,u1_0.password_clear,u1_0.session_token from users u1_0 where u1_0.email=?
2026-03-25T06:00:39.291+04:00  WARN 19848 --- [auth] [           main] com.example.auth.service.AuthService     : Tentative d'inscription avec email déjà existant : doublon@test.com
]]></system-out>
  </testcase>
  <testcase name="testLogin_EmailInconnu_ThrowsAuthFailed" classname="com.example.auth.AuthServiceTest" time="0.055">
    <system-out><![CDATA[Hibernate: select u1_0.id,u1_0.created_at,u1_0.email,u1_0.password_clear,u1_0.session_token from users u1_0 where u1_0.email=?
2026-03-25T06:00:39.381+04:00  WARN 19848 --- [auth] [           main] com.example.auth.service.AuthService     : Échec connexion pour email : inconnu@test.com
]]></system-out>
  </testcase>
  <testcase name="testRegister_EmailVide_ThrowsInvalidInput" classname="com.example.auth.AuthServiceTest" time="0.034"/>
</testsuite>